<?xml version="1.0" encoding="UTF-8"?>
<testsuite xmlns:xsi="http://www.w3.org/2001/XMLSchema-instance" xsi:noNamespaceSchemaLocation="https://maven.apache.org/surefire/maven-surefire-plugin/xsd/surefire-test-report.xsd" version="3.0.2" name="com.ejemplo.api.ApiSaludoApplicationTests" time="4.116" tests="1" errors="0" skipped="0" failures="0">
  <properties>
    <property name="java.specification.version" value="23"/>
    <property name="sun.cpu.isalist" value="amd64"/>
    <property name="sun.jnu.encoding" value="Cp1252"/>
    <property name="java.class.path" value="D:\Users\quint\Desktop\WEB FRAMEWORKS DEVELOPMENT\actividad Render\api-saludo\target\test-classes;D:\Users\quint\Desktop\WEB FRAMEWORKS DEVELOPMENT\actividad Render\api-saludo\target\classes;C:\Users\quint\.m2\repository\org\springframework\boot\spring-boot-starter-web\3.5.4-SNAPSHOT\spring-boot-starter-web-3.5.4-SNAPSHOT.jar;C:\Users\quint\.m2\repository\org\springframework\boot\spring-boot-starter\3.5.4-SNAPSHOT\spring-boot-starter-3.5.4-SNAPSHOT.jar;C:\Users\quint\.m2\repository\org\springframework\boot\spring-boot\3.5.4-SNAPSHOT\spring-boot-3.5.4-SNAPSHOT.jar;C:\Users\quint\.m2\repository\org\springframework\boot\spring-boot-autoconfigure\3.5.4-SNAPSHOT\spring-boot-autoconfigure-3.5.4-SNAPSHOT.jar;C:\Users\quint\.m2\repository\org\springframework\boot\spring-boot-starter-logging\3.5.4-SNAPSHOT\spring-boot-starter-logging-3.5.4-SNAPSHOT.jar;C:\Users\quint\.m2\repository\ch\qos\logback\logback-classic\1.5.18\logback-classic-1.5.18.jar;C:\Users\quint\.m2\repository\ch\qos\logback\logback-core\1.5.18\logback-core-1.5.18.jar;C:\Users\quint\.m2\repository\org\apache\logging\log4j\log4j-to-slf4j\2.24.3\log4j-to-slf4j-2.24.3.jar;C:\Users\quint\.m2\repository\org\apache\logging\log4j\log4j-api\2.24.3\log4j-api-2.24.3.jar;C:\Users\quint\.m2\repository\org\slf4j\jul-to-slf4j\2.0.17\jul-to-slf4j-2.0.17.jar;C:\Users\quint\.m2\repository\org\yaml\snakeyaml\2.4\snakeyaml-2.4.jar;C:\Users\quint\.m2\repository\org\springframework\boot\spring-boot-starter-json\3.5.4-SNAPSHOT\spring-boot-starter-json-3.5.4-SNAPSHOT.jar;C:\Users\quint\.m2\repository\com\fasterxml\jackson\core\jackson-databind\2.19.1\jackson-databind-2.19.1.jar;C:\Users\quint\.m2\repository\com\fasterxml\jackson\core\jackson-annotations\2.19.1\jackson-annotations-2.19.1.jar;C:\Users\quint\.m2\repository\com\fasterxml\jackson\core\jackson-core\2.19.1\jackson-core-2.19.1.jar;C:\Users\quint\.m2\repository\com\fasterxml\jackson\datatype\jackson-datatype-jdk8\2.19.1\jackson-datatype-jdk8-2.19.1.jar;C:\Users\quint\.m2\repository\com\fasterxml\jackson\datatype\jackson-datatype-jsr310\2.19.1\jackson-datatype-jsr310-2.19.1.jar;C:\Users\quint\.m2\repository\com\fasterxml\jackson\module\jackson-module-parameter-names\2.19.1\jackson-module-parameter-names-2.19.1.jar;C:\Users\quint\.m2\repository\org\springframework\spring-web\6.2.9-SNAPSHOT\spring-web-6.2.9-SNAPSHOT.jar;C:\Users\quint\.m2\repository\org\springframework\spring-beans\6.2.9-SNAPSHOT\spring-beans-6.2.9-SNAPSHOT.jar;C:\Users\quint\.m2\repository\io\micrometer\micrometer-observation\1.15.1\micrometer-observation-1.15.1.jar;C:\Users\quint\.m2\repository\io\micrometer\micrometer-commons\1.15.1\micrometer-commons-1.15.1.jar;C:\Users\quint\.m2\repository\org\springframework\spring-webmvc\6.2.9-SNAPSHOT\spring-webmvc-6.2.9-SNAPSHOT.jar;C:\Users\quint\.m2\repository\org\springframework\spring-aop\6.2.9-SNAPSHOT\spring-aop-6.2.9-SNAPSHOT.jar;C:\Users\quint\.m2\repository\org\springframework\spring-context\6.2.9-SNAPSHOT\spring-context-6.2.9-SNAPSHOT.jar;C:\Users\quint\.m2\repository\org\springframework\spring-expression\6.2.9-SNAPSHOT\spring-expression-6.2.9-SNAPSHOT.jar;C:\Users\quint\.m2\repository\org\springframework\boot\spring-boot-starter-tomcat\3.5.4-SNAPSHOT\spring-boot-starter-tomcat-3.5.4-SNAPSHOT.jar;C:\Users\quint\.m2\repository\jakarta\annotation\jakarta.annotation-api\2.1.1\jakarta.annotation-api-2.1.1.jar;C:\Users\quint\.m2\repository\org\apache\tomcat\embed\tomcat-embed-core\10.1.42\tomcat-embed-core-10.1.42.jar;C:\Users\quint\.m2\repository\org\apache\tomcat\embed\tomcat-embed-el\10.1.42\tomcat-embed-el-10.1.42.jar;C:\Users\quint\.m2\repository\org\apache\tomcat\embed\tomcat-embed-websocket\10.1.42\tomcat-embed-websocket-10.1.42.jar;C:\Users\quint\.m2\repository\org\springframework\boot\spring-boot-starter-test\3.5.4-SNAPSHOT\spring-boot-starter-test-3.5.4-SNAPSHOT.jar;C:\Users\quint\.m2\repository\org\springframework\boot\spring-boot-test\3.5.4-SNAPSHOT\spring-boot-test-3.5.4-SNAPSHOT.jar;C:\Users\quint\.m2\repository\org\springframework\boot\spring-boot-test-autoconfigure\3.5.4-SNAPSHOT\spring-boot-test-autoconfigure-3.5.4-SNAPSHOT.jar;C:\Users\quint\.m2\repository\com\jayway\jsonpath\json-path\2.9.0\json-path-2.9.0.jar;C:\Users\quint\.m2\repository\org\slf4j\slf4j-api\2.0.17\slf4j-api-2.0.17.jar;C:\Users\quint\.m2\repository\jakarta\xml\bind\jakarta.xml.bind-api\4.0.2\jakarta.xml.bind-api-4.0.2.jar;C:\Users\quint\.m2\repository\jakarta\activation\jakarta.activation-api\2.1.3\jakarta.activation-api-2.1.3.jar;C:\Users\quint\.m2\repository\net\minidev\json-smart\2.5.2\json-smart-2.5.2.jar;C:\Users\quint\.m2\repository\net\minidev\accessors-smart\2.5.2\accessors-smart-2.5.2.jar;C:\Users\quint\.m2\repository\org\ow2\asm\asm\9.7.1\asm-9.7.1.jar;C:\Users\quint\.m2\repository\org\assertj\assertj-core\3.27.3\assertj-core-3.27.3.jar;C:\Users\quint\.m2\repository\net\bytebuddy\byte-buddy\1.17.6\byte-buddy-1.17.6.jar;C:\Users\quint\.m2\repository\org\awaitility\awaitility\4.2.2\awaitility-4.2.2.jar;C:\Users\quint\.m2\repository\org\hamcrest\hamcrest\3.0\hamcrest-3.0.jar;C:\Users\quint\.m2\repository\org\junit\jupiter\junit-jupiter\5.12.2\junit-jupiter-5.12.2.jar;C:\Users\quint\.m2\repository\org\junit\jupiter\junit-jupiter-api\5.12.2\junit-jupiter-api-5.12.2.jar;C:\Users\quint\.m2\repository\org\opentest4j\opentest4j\1.3.0\opentest4j-1.3.0.jar;C:\Users\quint\.m2\repository\org\junit\platform\junit-platform-commons\1.12.2\junit-platform-commons-1.12.2.jar;C:\Users\quint\.m2\repository\org\apiguardian\apiguardian-api\1.1.2\apiguardian-api-1.1.2.jar;C:\Users\quint\.m2\repository\org\junit\jupiter\junit-jupiter-params\5.12.2\junit-jupiter-params-5.12.2.jar;C:\Users\quint\.m2\repository\org\junit\jupiter\junit-jupiter-engine\5.12.2\junit-jupiter-engine-5.12.2.jar;C:\Users\quint\.m2\repository\org\junit\platform\junit-platform-engine\1.12.2\junit-platform-engine-1.12.2.jar;C:\Users\quint\.m2\repository\org\mockito\mockito-core\5.17.0\mockito-core-5.17.0.jar;C:\Users\quint\.m2\repository\net\bytebuddy\byte-buddy-agent\1.17.6\byte-buddy-agent-1.17.6.jar;C:\Users\quint\.m2\repository\org\objenesis\objenesis\3.3\objenesis-3.3.jar;C:\Users\quint\.m2\repository\org\mockito\mockito-junit-jupiter\5.17.0\mockito-junit-jupiter-5.17.0.jar;C:\Users\quint\.m2\repository\org\skyscreamer\jsonassert\1.5.3\jsonassert-1.5.3.jar;C:\Users\quint\.m2\repository\com\vaadin\external\google\android-json\0.0.20131108.vaadin1\android-json-0.0.20131108.vaadin1.jar;C:\Users\quint\.m2\repository\org\springframework\spring-core\6.2.9-SNAPSHOT\spring-core-6.2.9-SNAPSHOT.jar;C:\Users\quint\.m2\repository\org\springframework\spring-jcl\6.2.9-SNAPSHOT\spring-jcl-6.2.9-SNAPSHOT.jar;C:\Users\quint\.m2\repository\org\springframework\spring-test\6.2.9-SNAPSHOT\spring-test-6.2.9-SNAPSHOT.jar;C:\Users\quint\.m2\repository\org\xmlunit\xmlunit-core\2.10.2\xmlunit-core-2.10.2.jar;"/>
    <property name="java.vm.vendor" value="Oracle Corporation"/>
    <property name="sun.arch.data.model" value="64"/>
    <property name="user.variant" value=""/>
    <property name="java.vendor.url" value="https://java.oracle.com/"/>
    <property name="user.timezone" value="America/Mexico_City"/>
    <property name="os.name" value="Windows 11"/>
    <property name="java.vm.specification.version" value="23"/>
    <property name="APPLICATION_NAME" value="api-saludo"/>
    <property name="user.country" value="MX"/>
    <property name="sun.java.launcher" value="SUN_STANDARD"/>
    <property name="sun.boot.library.path" value="C:\Program Files\Java\jdk-23\bin"/>
    <property name="sun.java.command" value="C:\Users\quint\AppData\Local\Temp\surefire10061016386328152859\surefirebooter-20250627182836728_3.jar C:\Users\quint\AppData\Local\Temp\surefire10061016386328152859 2025-06-27T18-28-36_554-jvmRun1 surefire-20250627182836728_1tmp surefire_0-20250627182836728_2tmp"/>
    <property name="jdk.debug" value="release"/>
    <property name="surefire.test.class.path" value="D:\Users\quint\Desktop\WEB FRAMEWORKS DEVELOPMENT\actividad Render\api-saludo\target\test-classes;D:\Users\quint\Desktop\WEB FRAMEWORKS DEVELOPMENT\actividad Render\api-saludo\target\classes;C:\Users\quint\.m2\repository\org\springframework\boot\spring-boot-starter-web\3.5.4-SNAPSHOT\spring-boot-starter-web-3.5.4-SNAPSHOT.jar;C:\Users\quint\.m2\repository\org\springframework\boot\spring-boot-starter\3.5.4-SNAPSHOT\spring-boot-starter-3.5.4-SNAPSHOT.jar;C:\Users\quint\.m2\repository\org\springframework\boot\spring-boot\3.5.4-SNAPSHOT\spring-boot-3.5.4-SNAPSHOT.jar;C:\Users\quint\.m2\repository\org\springframework\boot\spring-boot-autoconfigure\3.5.4-SNAPSHOT\spring-boot-autoconfigure-3.5.4-SNAPSHOT.jar;C:\Users\quint\.m2\repository\org\springframework\boot\spring-boot-starter-logging\3.5.4-SNAPSHOT\spring-boot-starter-logging-3.5.4-SNAPSHOT.jar;C:\Users\quint\.m2\repository\ch\qos\logback\logback-classic\1.5.18\logback-classic-1.5.18.jar;C:\Users\quint\.m2\repository\ch\qos\logback\logback-core\1.5.18\logback-core-1.5.18.jar;C:\Users\quint\.m2\repository\org\apache\logging\log4j\log4j-to-slf4j\2.24.3\log4j-to-slf4j-2.24.3.jar;C:\Users\quint\.m2\repository\org\apache\logging\log4j\log4j-api\2.24.3\log4j-api-2.24.3.jar;C:\Users\quint\.m2\repository\org\slf4j\jul-to-slf4j\2.0.17\jul-to-slf4j-2.0.17.jar;C:\Users\quint\.m2\repository\org\yaml\snakeyaml\2.4\snakeyaml-2.4.jar;C:\Users\quint\.m2\repository\org\springframework\boot\spring-boot-starter-json\3.5.4-SNAPSHOT\spring-boot-starter-json-3.5.4-SNAPSHOT.jar;C:\Users\quint\.m2\repository\com\fasterxml\jackson\core\jackson-databind\2.19.1\jackson-databind-2.19.1.jar;C:\Users\quint\.m2\repository\com\fasterxml\jackson\core\jackson-annotations\2.19.1\jackson-annotations-2.19.1.jar;C:\Users\quint\.m2\repository\com\fasterxml\jackson\core\jackson-core\2.19.1\jackson-core-2.19.1.jar;C:\Users\quint\.m2\repository\com\fasterxml\jackson\datatype\jackson-datatype-jdk8\2.19.1\jackson-datatype-jdk8-2.19.1.jar;C:\Users\quint\.m2\repository\com\fasterxml\jackson\datatype\jackson-datatype-jsr310\2.19.1\jackson-datatype-jsr310-2.19.1.jar;C:\Users\quint\.m2\repository\com\fasterxml\jackson\module\jackson-module-parameter-names\2.19.1\jackson-module-parameter-names-2.19.1.jar;C:\Users\quint\.m2\repository\org\springframework\spring-web\6.2.9-SNAPSHOT\spring-web-6.2.9-SNAPSHOT.jar;C:\Users\quint\.m2\repository\org\springframework\spring-beans\6.2.9-SNAPSHOT\spring-beans-6.2.9-SNAPSHOT.jar;C:\Users\quint\.m2\repository\io\micrometer\micrometer-observation\1.15.1\micrometer-observation-1.15.1.jar;C:\Users\quint\.m2\repository\io\micrometer\micrometer-commons\1.15.1\micrometer-commons-1.15.1.jar;C:\Users\quint\.m2\repository\org\springframework\spring-webmvc\6.2.9-SNAPSHOT\spring-webmvc-6.2.9-SNAPSHOT.jar;C:\Users\quint\.m2\repository\org\springframework\spring-aop\6.2.9-SNAPSHOT\spring-aop-6.2.9-SNAPSHOT.jar;C:\Users\quint\.m2\repository\org\springframework\spring-context\6.2.9-SNAPSHOT\spring-context-6.2.9-SNAPSHOT.jar;C:\Users\quint\.m2\repository\org\springframework\spring-expression\6.2.9-SNAPSHOT\spring-expression-6.2.9-SNAPSHOT.jar;C:\Users\quint\.m2\repository\org\springframework\boot\spring-boot-starter-tomcat\3.5.4-SNAPSHOT\spring-boot-starter-tomcat-3.5.4-SNAPSHOT.jar;C:\Users\quint\.m2\repository\jakarta\annotation\jakarta.annotation-api\2.1.1\jakarta.annotation-api-2.1.1.jar;C:\Users\quint\.m2\repository\org\apache\tomcat\embed\tomcat-embed-core\10.1.42\tomcat-embed-core-10.1.42.jar;C:\Users\quint\.m2\repository\org\apache\tomcat\embed\tomcat-embed-el\10.1.42\tomcat-embed-el-10.1.42.jar;C:\Users\quint\.m2\repository\org\apache\tomcat\embed\tomcat-embed-websocket\10.1.42\tomcat-embed-websocket-10.1.42.jar;C:\Users\quint\.m2\repository\org\springframework\boot\spring-boot-starter-test\3.5.4-SNAPSHOT\spring-boot-starter-test-3.5.4-SNAPSHOT.jar;C:\Users\quint\.m2\repository\org\springframework\boot\spring-boot-test\3.5.4-SNAPSHOT\spring-boot-test-3.5.4-SNAPSHOT.jar;C:\Users\quint\.m2\repository\org\springframework\boot\spring-boot-test-autoconfigure\3.5.4-SNAPSHOT\spring-boot-test-autoconfigure-3.5.4-SNAPSHOT.jar;C:\Users\quint\.m2\repository\com\jayway\jsonpath\json-path\2.9.0\json-path-2.9.0.jar;C:\Users\quint\.m2\repository\org\slf4j\slf4j-api\2.0.17\slf4j-api-2.0.17.jar;C:\Users\quint\.m2\repository\jakarta\xml\bind\jakarta.xml.bind-api\4.0.2\jakarta.xml.bind-api-4.0.2.jar;C:\Users\quint\.m2\repository\jakarta\activation\jakarta.activation-api\2.1.3\jakarta.activation-api-2.1.3.jar;C:\Users\quint\.m2\repository\net\minidev\json-smart\2.5.2\json-smart-2.5.2.jar;C:\Users\quint\.m2\repository\net\minidev\accessors-smart\2.5.2\accessors-smart-2.5.2.jar;C:\Users\quint\.m2\repository\org\ow2\asm\asm\9.7.1\asm-9.7.1.jar;C:\Users\quint\.m2\repository\org\assertj\assertj-core\3.27.3\assertj-core-3.27.3.jar;C:\Users\quint\.m2\repository\net\bytebuddy\byte-buddy\1.17.6\byte-buddy-1.17.6.jar;C:\Users\quint\.m2\repository\org\awaitility\awaitility\4.2.2\awaitility-4.2.2.jar;C:\Users\quint\.m2\repository\org\hamcrest\hamcrest\3.0\hamcrest-3.0.jar;C:\Users\quint\.m2\repository\org\junit\jupiter\junit-jupiter\5.12.2\junit-jupiter-5.12.2.jar;C:\Users\quint\.m2\repository\org\junit\jupiter\junit-jupiter-api\5.12.2\junit-jupiter-api-5.12.2.jar;C:\Users\quint\.m2\repository\org\opentest4j\opentest4j\1.3.0\opentest4j-1.3.0.jar;C:\Users\quint\.m2\repository\org\junit\platform\junit-platform-commons\1.12.2\junit-platform-commons-1.12.2.jar;C:\Users\quint\.m2\repository\org\apiguardian\apiguardian-api\1.1.2\apiguardian-api-1.1.2.jar;C:\Users\quint\.m2\repository\org\junit\jupiter\junit-jupiter-params\5.12.2\junit-jupiter-params-5.12.2.jar;C:\Users\quint\.m2\repository\org\junit\jupiter\junit-jupiter-engine\5.12.2\junit-jupiter-engine-5.12.2.jar;C:\Users\quint\.m2\repository\org\junit\platform\junit-platform-engine\1.12.2\junit-platform-engine-1.12.2.jar;C:\Users\quint\.m2\repository\org\mockito\mockito-core\5.17.0\mockito-core-5.17.0.jar;C:\Users\quint\.m2\repository\net\bytebuddy\byte-buddy-agent\1.17.6\byte-buddy-agent-1.17.6.jar;C:\Users\quint\.m2\repository\org\objenesis\objenesis\3.3\objenesis-3.3.jar;C:\Users\quint\.m2\repository\org\mockito\mockito-junit-jupiter\5.17.0\mockito-junit-jupiter-5.17.0.jar;C:\Users\quint\.m2\repository\org\skyscreamer\jsonassert\1.5.3\jsonassert-1.5.3.jar;C:\Users\quint\.m2\repository\com\vaadin\external\google\android-json\0.0.20131108.vaadin1\android-json-0.0.20131108.vaadin1.jar;C:\Users\quint\.m2\repository\org\springframework\spring-core\6.2.9-SNAPSHOT\spring-core-6.2.9-SNAPSHOT.jar;C:\Users\quint\.m2\repository\org\springframework\spring-jcl\6.2.9-SNAPSHOT\spring-jcl-6.2.9-SNAPSHOT.jar;C:\Users\quint\.m2\repository\org\springframework\spring-test\6.2.9-SNAPSHOT\spring-test-6.2.9-SNAPSHOT.jar;C:\Users\quint\.m2\repository\org\xmlunit\xmlunit-core\2.10.2\xmlunit-core-2.10.2.jar;"/>
    <property name="sun.cpu.endian" value="little"/>
    <property name="user.home" value="C:\Users\quint"/>
    <property name="user.language" value="es"/>
    <property name="java.specification.vendor" value="Oracle Corporation"/>
    <property name="java.version.date" value="2025-01-21"/>
    <property name="java.home" value="C:\Program Files\Java\jdk-23"/>
    <property name="file.separator" value="\"/>
    <property name="basedir" value="D:\Users\quint\Desktop\WEB FRAMEWORKS DEVELOPMENT\actividad Render\api-saludo"/>
    <property name="java.vm.compressedOopsMode" value="Zero based"/>
    <property name="line.separator" value="&#10;"/>
    <property name="java.vm.specification.vendor" value="Oracle Corporation"/>
    <property name="java.specification.name" value="Java Platform API Specification"/>
    <property name="FILE_LOG_CHARSET" value="UTF-8"/>
    <property name="java.awt.headless" value="true"/>
    <property name="surefire.real.class.path" value="C:\Users\quint\AppData\Local\Temp\surefire10061016386328152859\surefirebooter-20250627182836728_3.jar"/>
    <property name="user.script" value=""/>
    <property name="sun.management.compiler" value="HotSpot 64-Bit Tiered Compilers"/>
    <property name="java.runtime.version" value="23.0.2+7-58"/>
    <property name="user.name" value="brain7u7"/>
    <property name="stdout.encoding" value="Cp1252"/>
    <property name="path.separator" value=";"/>
    <property name="os.version" value="10.0"/>
    <property name="java.runtime.name" value="Java(TM) SE Runtime Environment"/>
    <property name="file.encoding" value="UTF-8"/>
    <property name="java.vm.name" value="Java HotSpot(TM) 64-Bit Server VM"/>
    <property name="maven.ext.class.path" value="E:\Program Files\NetBeans-24\netbeans\java\maven-nblib\netbeans-eventspy.jar"/>
    <property name="localRepository" value="C:\Users\quint\.m2\repository"/>
    <property name="java.vendor.url.bug" value="https://bugreport.java.com/bugreport/"/>
    <property name="java.io.tmpdir" value="C:\Users\quint\AppData\Local\Temp\"/>
    <property name="java.version" value="23.0.2"/>
    <property name="user.dir" value="D:\Users\quint\Desktop\WEB FRAMEWORKS DEVELOPMENT\actividad Render\api-saludo"/>
    <property name="os.arch" value="amd64"/>
    <property name="java.vm.specification.name" value="Java Virtual Machine Specification"/>
    <property name="PID" value="7412"/>
    <property name="sun.os.patch.level" value=""/>
    <property name="CONSOLE_LOG_CHARSET" value="windows-1252"/>
    <property name="native.encoding" value="Cp1252"/>
    <property name="java.library.path" value="C:\Program Files\Java\jdk-23\bin;C:\WINDOWS\Sun\Java\bin;C:\WINDOWS\system32;C:\WINDOWS;C:\Users\quint\AppData\Local\Programs\Python\Python313\Scripts\;C:\Users\quint\AppData\Local\Programs\Python\Python313\;C:\Program Files\Common Files\Oracle\Java\javapath;C:\WINDOWS\system32;C:\WINDOWS;C:\WINDOWS\System32\Wbem;C:\WINDOWS\System32\WindowsPowerShell\v1.0\;C:\WINDOWS\System32\OpenSSH\;C:\Program Files\dotnet\;C:\Program Files (x86)\Windows Kits\10\Windows Performance Toolkit\;E:\Git\cmd;C:\Program Files\Microsoft SQL Server\150\Tools\Binn\;C:\Program Files\Microsoft SQL Server\Client SDK\ODBC\170\Tools\Binn\;E:\Program Files\nodejs\;C:\ProgramData\chocolatey\bin;C:\Users\quint\AppData\Local\Microsoft\WindowsApps;C:\Users\quint\.dotnet\tools;E:\Users\quint\AppData\Local\Programs\MiKTeX\miktex\bin\x64\;E:\Program Files\JetBrains\IntelliJ IDEA 2024.3.5\bin;;C:\Users\quint\AppData\Local\Programs\Microsoft VS Code\bin;C:\Users\quint\AppData\Roaming\npm;."/>
    <property name="java.vm.info" value="mixed mode, sharing"/>
    <property name="stderr.encoding" value="Cp1252"/>
    <property name="java.vendor" value="Oracle Corporation"/>
    <property name="java.vm.version" value="23.0.2+7-58"/>
    <property name="sun.io.unicode.encoding" value="UnicodeLittle"/>
    <property name="java.class.version" value="67.0"/>
    <property name="LOGGED_APPLICATION_NAME" value="[api-saludo] "/>
  </properties>
  <testcase name="contextLoads" classname="com.ejemplo.api.ApiSaludoApplicationTests" time="1.048">
    <system-out><![CDATA[18:28:38.197 [main] INFO org.springframework.test.context.support.AnnotationConfigContextLoaderUtils -- Could not detect default configuration classes for test class [com.ejemplo.api.ApiSaludoApplicationTests]: ApiSaludoApplicationTests does not declare any static, non-private, non-final, nested classes annotated with @Configuration.
18:28:38.444 [main] INFO org.springframework.boot.test.context.SpringBootTestContextBootstrapper -- Found @SpringBootConfiguration com.ejemplo.api.ApiSaludoApplication for test class com.ejemplo.api.ApiSaludoApplicationTests

  .   ____          _            __ _ _
 /\\ / ___'_ __ _ _(_)_ __  __ _ \ \ \ \
( ( )\___ | '_ | '_| | '_ \/ _` | \ \ \ \
 \\/  ___)| |_)| | | | | || (_| |  ) ) ) )
  '  |____| .__|_| |_|_| |_\__, | / / / /
 =========|_|==============|___/=/_/_/_/

 :: Spring Boot ::       (v3.5.4-SNAPSHOT)

2025-06-27T18:28:39.244-06:00  INFO 7412 --- [api-saludo] [           main] c.ejemplo.api.ApiSaludoApplicationTests  : Starting ApiSaludoApplicationTests using Java 23.0.2 with PID 7412 (started by brain7u7 in D:\Users\quint\Desktop\WEB FRAMEWORKS DEVELOPMENT\actividad Render\api-saludo)
2025-06-27T18:28:39.246-06:00  INFO 7412 --- [api-saludo] [           main] c.ejemplo.api.ApiSaludoApplicationTests  : No active profile set, falling back to 1 default profile: "default"
2025-06-27T18:28:40.996-06:00  INFO 7412 --- [api-saludo] [           main] c.ejemplo.api.ApiSaludoApplicationTests  : Started ApiSaludoApplicationTests in 2.263 seconds (process running for 4.106)
]]></system-out>
    <system-err><![CDATA[Mockito is currently self-attaching to enable the inline-mock-maker. This will no longer work in future releases of the JDK. Please add Mockito as an agent to your build as described in Mockito's documentation: https://javadoc.io/doc/org.mockito/mockito-core/latest/org.mockito/org/mockito/Mockito.html#0.3
WARNING: A Java agent has been loaded dynamically (C:\Users\quint\.m2\repository\net\bytebuddy\byte-buddy-agent\1.17.6\byte-buddy-agent-1.17.6.jar)
WARNING: If a serviceability tool is in use, please run with -XX:+EnableDynamicAgentLoading to hide this warning
WARNING: If a serviceability tool is not in use, please run with -Djdk.instrument.traceUsage for more information
WARNING: Dynamic loading of agents will be disallowed by default in a future release
]]></system-err>
  </testcase>
</testsuite>